<?xml version="1.0" encoding="UTF-8"?>
<testsuite name="CheckSiteDemoBlaze" tests="1" skipped="0" failures="0" errors="0" timestamp="2021-10-04T20:01:28" hostname="Igors-MacBook-Pro.local" time="1.585">
  <properties/>
  <testcase name="When opening Demo Blaze page, then find the title 'PRODUCT STORE' of the present page." classname="CheckSiteDemoBlaze" time="1.585"/>
  <system-out><![CDATA[PRODUCT STORE
]]></system-out>
  <system-err><![CDATA[SLF4J: Failed to load class "org.slf4j.impl.StaticLoggerBinder".
SLF4J: Defaulting to no-operation (NOP) logger implementation
SLF4J: See http://www.slf4j.org/codes.html#StaticLoggerBinder for further details.
Starting ChromeDriver 94.0.4606.61 (418b78f5838ed0b1c69bb4e51ea0252171854915-refs/branch-heads/4606@{#1204}) on port 45667
Only local connections are allowed.
Please see https://chromedriver.chromium.org/security-considerations for suggestions on keeping ChromeDriver safe.
ChromeDriver was started successfully.
Oct. 04, 2021 5:01:28 PM org.openqa.selenium.remote.ProtocolHandshake createSession
INFO: Detected dialect: W3C
Oct. 04, 2021 5:01:28 PM org.openqa.selenium.devtools.CdpVersionFinder findNearestMatch
WARNING: Unable to find an exact match for CDP version 94, so returning the closest version found: a no-op implementation
Oct. 04, 2021 5:01:28 PM org.openqa.selenium.devtools.CdpVersionFinder findNearestMatch
INFO: Unable to find CDP implementation matching 94.
Oct. 04, 2021 5:01:28 PM org.openqa.selenium.chromium.ChromiumDriver lambda$new$0
WARNING: Unable to find version of CDP to use for . You may need to include a dependency on a specific version of the CDP using something similar to `org.seleniumhq.selenium:selenium-devtools-v86:4.0.0-beta-2` where the version ("v86") matches the version of the chromium-based browser you're using and the version number of the artifact is the same as Selenium's.
]]></system-err>
</testsuite>
